-----> 2013-09-05 00:23:49.059  org.datanucleus.store.rdbms.datasource.dbcp.DelegatingStatement.execute(DelegatingStatement.java:264)
1. CREATE TABLE DELETEME1378351429036 ( UNUSED INTEGER NOT NULL ) 

-----> 2013-09-05 00:23:49.102  org.datanucleus.store.rdbms.datasource.dbcp.DelegatingStatement.execute(DelegatingStatement.java:264)
1. DROP TABLE DELETEME1378351429036 

-----> 2013-09-05 00:23:49.594  org.datanucleus.store.rdbms.datasource.dbcp.DelegatingStatement.execute(DelegatingStatement.java:264)
1. CREATE TABLE TODOITEM ( TODOITEM_ID BIGINT GENERATED BY DEFAULT AS IDENTITY, ATTACHMENT BLOB 
NULL, CATEGORY NVARCHAR(255) NULL, COMPLETE BOOLEAN NOT NULL, COST DECIMAL(19,2) NULL, DESCRIPTION 
NVARCHAR(255) NULL, DUEBY DATE NULL, NOTES NVARCHAR(255) NULL, OWNEDBY NVARCHAR(255) NULL, 
VERSION BIGINT NOT NULL, CONSTRAINT TODOITEM_PK PRIMARY KEY (TODOITEM_ID) ) 

-----> 2013-09-05 00:23:49.607  org.datanucleus.store.rdbms.datasource.dbcp.DelegatingStatement.execute(DelegatingStatement.java:264)
1. CREATE TABLE HABITACION ( HABITACION_ID BIGINT GENERATED BY DEFAULT AS IDENTITY, ID BIGINT 
NOT NULL, NOMBRE NVARCHAR(255) NULL, USUARIO NVARCHAR(255) NULL, VERSION BIGINT NOT NULL, CONSTRAINT 
HABITACION_PK PRIMARY KEY (HABITACION_ID) ) 

-----> 2013-09-05 00:23:49.620  org.datanucleus.store.rdbms.datasource.dbcp.DelegatingStatement.execute(DelegatingStatement.java:264)
1. CREATE TABLE RESERVA ( RESERVA_ID BIGINT GENERATED BY DEFAULT AS IDENTITY, ESTADO NVARCHAR(255) 
NULL, FECHA DATE NULL, HABITACION_HABITACION_ID_OID BIGINT NULL, NUMERO BIGINT NOT NULL, USUARIO 
NVARCHAR(255) NULL, VERSION BIGINT NOT NULL, CONSTRAINT RESERVA_PK PRIMARY KEY (RESERVA_ID) 
) 

-----> 2013-09-05 00:23:49.638  org.datanucleus.store.rdbms.datasource.dbcp.DelegatingStatement.execute(DelegatingStatement.java:264)
1. CREATE TABLE TODO_DEPENDENCIES ( DEPENDING_TODO_ID BIGINT NOT NULL, DEPENDENT_TODO_ID BIGINT 
NOT NULL, CONSTRAINT TODO_DEPENDENCIES_PK PRIMARY KEY (DEPENDING_TODO_ID,DEPENDENT_TODO_ID) 
) 

-----> 2013-09-05 00:23:49.649  org.datanucleus.store.rdbms.datasource.dbcp.DelegatingStatement.execute(DelegatingStatement.java:264)
1. ALTER TABLE TODOITEM ADD CONSTRAINT TODOITEM_DESCRIPTION_MUST_BE_UNIQUE UNIQUE (OWNEDBY,DESCRIPTION) 


-----> 2013-09-05 00:23:49.656  org.datanucleus.store.rdbms.datasource.dbcp.DelegatingStatement.execute(DelegatingStatement.java:264)
1. ALTER TABLE RESERVA ADD CONSTRAINT RESERVA_FK1 FOREIGN KEY (HABITACION_HABITACION_ID_OID) REFERENCES 
HABITACION (HABITACION_ID) 

-----> 2013-09-05 00:23:49.663  org.datanucleus.store.rdbms.datasource.dbcp.DelegatingStatement.execute(DelegatingStatement.java:264)
1. CREATE INDEX RESERVA_N49 ON RESERVA (HABITACION_HABITACION_ID_OID) 

-----> 2013-09-05 00:23:49.668  org.datanucleus.store.rdbms.datasource.dbcp.DelegatingStatement.execute(DelegatingStatement.java:264)
1. ALTER TABLE TODO_DEPENDENCIES ADD CONSTRAINT TODO_DEPENDENCIES_FK2 FOREIGN KEY (DEPENDENT_TODO_ID) 
REFERENCES TODOITEM (TODOITEM_ID) 

-----> 2013-09-05 00:23:49.672  org.datanucleus.store.rdbms.datasource.dbcp.DelegatingStatement.execute(DelegatingStatement.java:264)
1. ALTER TABLE TODO_DEPENDENCIES ADD CONSTRAINT TODO_DEPENDENCIES_FK1 FOREIGN KEY (DEPENDING_TODO_ID) 
REFERENCES TODOITEM (TODOITEM_ID) 

-----> 2013-09-05 00:23:49.674  org.datanucleus.store.rdbms.datasource.dbcp.DelegatingStatement.execute(DelegatingStatement.java:264)
1. CREATE INDEX TODO_DEPENDENCIES_N49 ON TODO_DEPENDENCIES (DEPENDING_TODO_ID) 

-----> 2013-09-05 00:23:49.679  org.datanucleus.store.rdbms.datasource.dbcp.DelegatingStatement.execute(DelegatingStatement.java:264)
1. CREATE INDEX TODO_DEPENDENCIES_N50 ON TODO_DEPENDENCIES (DEPENDENT_TODO_ID) 

-----> 2013-09-05 00:24:02.900  org.datanucleus.store.rdbms.datasource.dbcp.DelegatingPreparedStatement.executeUpdate(DelegatingPreparedStatement.java:105)
2. INSERT INTO HABITACION (ID,NOMBRE,USUARIO,VERSION) VALUES (0,'Dorada','sven',1) 

-----> 2013-09-05 00:24:03.252  org.datanucleus.store.rdbms.datasource.dbcp.DelegatingPreparedStatement.executeQuery(DelegatingPreparedStatement.java:96)
2. SELECT A0.ID,A0.NOMBRE,A0.USUARIO,A0.VERSION FROM HABITACION A0 WHERE A0.HABITACION_ID = 0 


-----> 2013-09-05 00:24:09.240  org.datanucleus.store.rdbms.datasource.dbcp.DelegatingPreparedStatement.executeUpdate(DelegatingPreparedStatement.java:105)
2. INSERT INTO HABITACION (ID,NOMBRE,USUARIO,VERSION) VALUES (0,'Prado','sven',1) 

-----> 2013-09-05 00:24:09.391  org.datanucleus.store.rdbms.datasource.dbcp.DelegatingPreparedStatement.executeQuery(DelegatingPreparedStatement.java:96)
2. SELECT A0.ID,A0.NOMBRE,A0.USUARIO,A0.VERSION FROM HABITACION A0 WHERE A0.HABITACION_ID = 1 


-----> 2013-09-05 00:24:12.083  org.datanucleus.store.rdbms.datasource.dbcp.DelegatingPreparedStatement.executeQuery(DelegatingPreparedStatement.java:96)
2. SELECT 'dom.habitacion.Habitacion' AS NUCLEUS_TYPE,A0.ID,A0.NOMBRE,A0.USUARIO,A0.HABITACION_ID,A0.VERSION 
FROM HABITACION A0 

-----> 2013-09-05 00:24:16.664  org.datanucleus.store.rdbms.datasource.dbcp.DelegatingPreparedStatement.executeQuery(DelegatingPreparedStatement.java:96)
2. SELECT A0.ID,A0.NOMBRE,A0.USUARIO,A0.VERSION FROM HABITACION A0 WHERE A0.HABITACION_ID = 0 


-----> 2013-09-05 00:24:17.066  org.datanucleus.store.rdbms.datasource.dbcp.DelegatingPreparedStatement.executeQuery(DelegatingPreparedStatement.java:96)
2. SELECT A0.ID,A0.NOMBRE,A0.USUARIO,A0.VERSION FROM HABITACION A0 WHERE A0.HABITACION_ID = 1 


-----> 2013-09-05 00:24:17.837  org.datanucleus.store.rdbms.datasource.dbcp.DelegatingPreparedStatement.executeQuery(DelegatingPreparedStatement.java:96)
2. SELECT A0.ID,A0.NOMBRE,A0.USUARIO,A0.VERSION FROM HABITACION A0 WHERE A0.HABITACION_ID = 0 


-----> 2013-09-05 00:24:17.851  org.datanucleus.store.rdbms.datasource.dbcp.DelegatingPreparedStatement.executeQuery(DelegatingPreparedStatement.java:96)
2. SELECT A0.ID,A0.NOMBRE,A0.USUARIO,A0.VERSION FROM HABITACION A0 WHERE A0.HABITACION_ID = 1 


-----> 2013-09-05 00:24:17.957  org.datanucleus.store.rdbms.datasource.dbcp.DelegatingPreparedStatement.executeQuery(DelegatingPreparedStatement.java:96)
2. SELECT A0.ID,A0.NOMBRE,A0.USUARIO,A0.VERSION FROM HABITACION A0 WHERE A0.HABITACION_ID = 0 


-----> 2013-09-05 00:24:18.005  org.datanucleus.store.rdbms.datasource.dbcp.DelegatingPreparedStatement.executeQuery(DelegatingPreparedStatement.java:96)
2. SELECT A0.ID,A0.NOMBRE,A0.USUARIO,A0.VERSION FROM HABITACION A0 WHERE A0.HABITACION_ID = 1 


